LetUsC++/app/build/outputs/logs/manifest-merger-debug-report.txt
-- Merging decision tree log ---
manifest
ADDED from src\main\AndroidManifest.xml:2:1-74:12
	package
		ADDED from src\main\AndroidManifest.xml:3:5-40
		INJECTED from src\main\AndroidManifest.xml
		INJECTED from src\main\AndroidManifest.xml
	android:versionName
		INJECTED from src\main\AndroidManifest.xml
		INJECTED from src\main\AndroidManifest.xml
	xmlns:android
		ADDED from src\main\AndroidManifest.xml:2:11-69
	android:versionCode
		INJECTED from src\main\AndroidManifest.xml
		INJECTED from src\main\AndroidManifest.xml
uses-permission#android.permission.INTERNET
ADDED from src\main\AndroidManifest.xml:4:5-67
	android:name
		ADDED from src\main\AndroidManifest.xml:4:22-64
application
ADDED from src\main\AndroidManifest.xml:5:5-72:19
MERGED from [com.android.support:design:24.2.1] AndroidManifest.xml:22:5-20
MERGED from [com.android.support:appcompat-v7:24.2.1] AndroidManifest.xml:25:5-20
MERGED from [com.android.support:support-v4:24.2.1] AndroidManifest.xml:25:5-20
MERGED from [com.android.support:support-fragment:24.2.1] AndroidManifest.xml:25:5-20
MERGED from [com.android.support:support-media-compat:24.2.1] AndroidManifest.xml:25:5-20
MERGED from [com.android.support:support-core-utils:24.2.1] AndroidManifest.xml:25:5-20
MERGED from [com.android.support:animated-vector-drawable:24.2.1] AndroidManifest.xml:22:5-20
MERGED from [com.android.support:support-core-ui:24.2.1] AndroidManifest.xml:25:5-20
MERGED from [com.android.support:support-vector-drawable:24.2.1] AndroidManifest.xml:23:5-20
MERGED from [com.android.support:support-compat:24.2.1] AndroidManifest.xml:25:5-20
MERGED from [com.android.support.constraint:constraint-layout:1.0.0-alpha7] AndroidManifest.xml:9:5-20
	android:label
		ADDED from src\main\AndroidManifest.xml:8:9-41
	android:supportsRtl
		ADDED from src\main\AndroidManifest.xml:9:9-35
	android:allowBackup
		ADDED from src\main\AndroidManifest.xml:6:9-35
	android:icon
		ADDED from src\main\AndroidManifest.xml:7:9-38
	android:theme
		ADDED from src\main\AndroidManifest.xml:10:9-40
activity#com.example.bhakoo.letusc.MainActivity
ADDED from src\main\AndroidManifest.xml:11:9-17:20
	android:name
		ADDED from src\main\AndroidManifest.xml:11:19-47
intent-filter#android.intent.action.MAIN+android.intent.category.LAUNCHER
ADDED from src\main\AndroidManifest.xml:12:13-16:29
action#android.intent.action.MAIN
ADDED from src\main\AndroidManifest.xml:13:17-69
	android:name
		ADDED from src\main\AndroidManifest.xml:13:25-66
category#android.intent.category.LAUNCHER
ADDED from src\main\AndroidManifest.xml:15:17-77
	android:name
		ADDED from src\main\AndroidManifest.xml:15:27-74
activity#com.example.bhakoo.letusc.Tutorial
ADDED from src\main\AndroidManifest.xml:18:9-46
	android:name
		ADDED from src\main\AndroidManifest.xml:18:19-43
activity#com.example.bhakoo.letusc.Questions
ADDED from src\main\AndroidManifest.xml:19:9-47
	android:name
		ADDED from src\main\AndroidManifest.xml:19:19-44
activity#com.example.bhakoo.letusc.ListItemActivity1
ADDED from src\main\AndroidManifest.xml:20:9-55
	android:name
		ADDED from src\main\AndroidManifest.xml:20:19-52
activity#com.example.bhakoo.letusc.ListItemActivity2
ADDED from src\main\AndroidManifest.xml:21:9-55
	android:name
		ADDED from src\main\AndroidManifest.xml:21:19-52
activity#com.example.bhakoo.letusc.ListItemActivity3
ADDED from src\main\AndroidManifest.xml:22:9-55
	android:name
		ADDED from src\main\AndroidManifest.xml:22:19-52
activity#com.example.bhakoo.letusc.ListItemActivity4
ADDED from src\main\AndroidManifest.xml:23:9-55
	android:name
		ADDED from src\main\AndroidManifest.xml:23:19-52
activity#com.example.bhakoo.letusc.ListItemActivity5
ADDED from src\main\AndroidManifest.xml:24:9-55
	android:name
		ADDED from src\main\AndroidManifest.xml:24:19-52
activity#com.example.bhakoo.letusc.ListItemActivity6
ADDED from src\main\AndroidManifest.xml:25:9-55
	android:name
		ADDED from src\main\AndroidManifest.xml:25:19-52
activity#com.example.bhakoo.letusc.ListItemActivity7
ADDED from src\main\AndroidManifest.xml:26:9-55
	android:name
		ADDED from src\main\AndroidManifest.xml:26:19-52
activity#com.example.bhakoo.letusc.ListItemActivity8
ADDED from src\main\AndroidManifest.xml:27:9-55
	android:name
		ADDED from src\main\AndroidManifest.xml:27:19-52
activity#com.example.bhakoo.letusc.ListItemActivity9
ADDED from src\main\AndroidManifest.xml:28:9-55
	android:name
		ADDED from src\main\AndroidManifest.xml:28:19-52
activity#com.example.bhakoo.letusc.ListItemActivity10
ADDED from src\main\AndroidManifest.xml:29:9-56
	android:name
		ADDED from src\main\AndroidManifest.xml:29:19-53
activity#com.example.bhakoo.letusc.ListItemActivity2_1
ADDED from src\main\AndroidManifest.xml:30:9-57
	android:name
		ADDED from src\main\AndroidManifest.xml:30:19-54
activity#com.example.bhakoo.letusc.ListItemActivity3_1
ADDED from src\main\AndroidManifest.xml:31:9-57
	android:name
		ADDED from src\main\AndroidManifest.xml:31:19-54
activity#com.example.bhakoo.letusc.ListItemActivity3_2
ADDED from src\main\AndroidManifest.xml:32:9-57
	android:name
		ADDED from src\main\AndroidManifest.xml:32:19-54
activity#com.example.bhakoo.letusc.ListItemActivity3_3
ADDED from src\main\AndroidManifest.xml:33:9-57
	android:name
		ADDED from src\main\AndroidManifest.xml:33:19-54
activity#com.example.bhakoo.letusc.ListItemActivity3_4
ADDED from src\main\AndroidManifest.xml:34:9-57
	android:name
		ADDED from src\main\AndroidManifest.xml:34:19-54
activity#com.example.bhakoo.letusc.ListItemActivity3_5
ADDED from src\main\AndroidManifest.xml:35:9-57
	android:name
		ADDED from src\main\AndroidManifest.xml:35:19-54
activity#com.example.bhakoo.letusc.ListItemActivity4_1
ADDED from src\main\AndroidManifest.xml:36:9-57
	android:name
		ADDED from src\main\AndroidManifest.xml:36:19-54
activity#com.example.bhakoo.letusc.ListItemActivity4_2
ADDED from src\main\AndroidManifest.xml:37:9-57
	android:name
		ADDED from src\main\AndroidManifest.xml:37:19-54
activity#com.example.bhakoo.letusc.ListItemActivity4_3
ADDED from src\main\AndroidManifest.xml:38:9-57
	android:name
		ADDED from src\main\AndroidManifest.xml:38:19-54
activity#com.example.bhakoo.letusc.ListItemActivity4_4
ADDED from src\main\AndroidManifest.xml:39:9-57
	android:name
		ADDED from src\main\AndroidManifest.xml:39:19-54
activity#com.example.bhakoo.letusc.ListItemActivity4_5
ADDED from src\main\AndroidManifest.xml:40:9-57
	android:name
		ADDED from src\main\AndroidManifest.xml:40:19-54
activity#com.example.bhakoo.letusc.ListItemActivity4_6
ADDED from src\main\AndroidManifest.xml:41:9-57
	android:name
		ADDED from src\main\AndroidManifest.xml:41:19-54
activity#com.example.bhakoo.letusc.ListItemActivity5_1
ADDED from src\main\AndroidManifest.xml:42:9-57
	android:name
		ADDED from src\main\AndroidManifest.xml:42:19-54
activity#com.example.bhakoo.letusc.ListItemActivity5_2
ADDED from src\main\AndroidManifest.xml:43:9-57
	android:name
		ADDED from src\main\AndroidManifest.xml:43:19-54
activity#com.example.bhakoo.letusc.ListItemActivity5_3
ADDED from src\main\AndroidManifest.xml:44:9-57
	android:name
		ADDED from src\main\AndroidManifest.xml:44:19-54
activity#com.example.bhakoo.letusc.ListItemActivity5_4
ADDED from src\main\AndroidManifest.xml:45:9-57
	android:name
		ADDED from src\main\AndroidManifest.xml:45:19-54
activity#com.example.bhakoo.letusc.ListItemActivity6_1
ADDED from src\main\AndroidManifest.xml:46:9-57
	android:name
		ADDED from src\main\AndroidManifest.xml:46:19-54
activity#com.example.bhakoo.letusc.ListItemActivity6_2
ADDED from src\main\AndroidManifest.xml:47:9-57
	android:name
		ADDED from src\main\AndroidManifest.xml:47:19-54
activity#com.example.bhakoo.letusc.ListItemActivity6_3
ADDED from src\main\AndroidManifest.xml:48:9-57
	android:name
		ADDED from src\main\AndroidManifest.xml:48:19-54
activity#com.example.bhakoo.letusc.ListItemActivity6_4
ADDED from src\main\AndroidManifest.xml:49:9-57
	android:name
		ADDED from src\main\AndroidManifest.xml:49:19-54
activity#com.example.bhakoo.letusc.ListItemActivity6_5
ADDED from src\main\AndroidManifest.xml:50:9-57
	android:name
		ADDED from src\main\AndroidManifest.xml:50:19-54
activity#com.example.bhakoo.letusc.ListItemActivity7_1
ADDED from src\main\AndroidManifest.xml:51:9-57
	android:name
		ADDED from src\main\AndroidManifest.xml:51:19-54
activity#com.example.bhakoo.letusc.ListItemActivity7_2
ADDED from src\main\AndroidManifest.xml:52:9-57
	android:name
		ADDED from src\main\AndroidManifest.xml:52:19-54
activity#com.example.bhakoo.letusc.ListItemActivity7_3
ADDED from src\main\AndroidManifest.xml:53:9-57
	android:name
		ADDED from src\main\AndroidManifest.xml:53:19-54
activity#com.example.bhakoo.letusc.ListItemActivity7_4
ADDED from src\main\AndroidManifest.xml:54:9-57
	android:name
		ADDED from src\main\AndroidManifest.xml:54:19-54
activity#com.example.bhakoo.letusc.ListItemActivity8_1
ADDED from src\main\AndroidManifest.xml:55:9-57
	android:name
		ADDED from src\main\AndroidManifest.xml:55:19-54
activity#com.example.bhakoo.letusc.ListItemActivity8_2
ADDED from src\main\AndroidManifest.xml:56:9-57
	android:name
		ADDED from src\main\AndroidManifest.xml:56:19-54
activity#com.example.bhakoo.letusc.ListItemActivity8_3
ADDED from src\main\AndroidManifest.xml:57:9-57
	android:name
		ADDED from src\main\AndroidManifest.xml:57:19-54
activity#com.example.bhakoo.letusc.ListItemActivity8_4
ADDED from src\main\AndroidManifest.xml:58:9-57
	android:name
		ADDED from src\main\AndroidManifest.xml:58:19-54
activity#com.example.bhakoo.letusc.ListItemActivity8_5
ADDED from src\main\AndroidManifest.xml:59:9-57
	android:name
		ADDED from src\main\AndroidManifest.xml:59:19-54
activity#com.example.bhakoo.letusc.ListItemActivity8_6
ADDED from src\main\AndroidManifest.xml:60:9-57
	android:name
		ADDED from src\main\AndroidManifest.xml:60:19-54
activity#com.example.bhakoo.letusc.ListItemActivity8_7
ADDED from src\main\AndroidManifest.xml:61:9-57
	android:name
		ADDED from src\main\AndroidManifest.xml:61:19-54
activity#com.example.bhakoo.letusc.ListItemActivity8_8
ADDED from src\main\AndroidManifest.xml:62:9-57
	android:name
		ADDED from src\main\AndroidManifest.xml:62:19-54
activity#com.example.bhakoo.letusc.ListItemActivity8_9
ADDED from src\main\AndroidManifest.xml:63:9-57
	android:name
		ADDED from src\main\AndroidManifest.xml:63:19-54
activity#com.example.bhakoo.letusc.ListItemActivity9_1
ADDED from src\main\AndroidManifest.xml:64:9-57
	android:name
		ADDED from src\main\AndroidManifest.xml:64:19-54
activity#com.example.bhakoo.letusc.ListItemActivity10_1
ADDED from src\main\AndroidManifest.xml:65:9-58
	android:name
		ADDED from src\main\AndroidManifest.xml:65:19-55
activity#com.example.bhakoo.letusc.ListItemActivity10_2
ADDED from src\main\AndroidManifest.xml:66:9-58
	android:name
		ADDED from src\main\AndroidManifest.xml:66:19-55
activity#com.example.bhakoo.letusc.ListItemActivity10_3
ADDED from src\main\AndroidManifest.xml:67:9-58
	android:name
		ADDED from src\main\AndroidManifest.xml:67:19-55
activity#com.example.bhakoo.letusc.ListItemActivity10_4
ADDED from src\main\AndroidManifest.xml:68:9-58
	android:name
		ADDED from src\main\AndroidManifest.xml:68:19-55
activity#com.example.bhakoo.letusc.ListItemActivity1_1
ADDED from src\main\AndroidManifest.xml:69:9-57
	android:name
		ADDED from src\main\AndroidManifest.xml:69:19-54
activity#com.example.bhakoo.letusc.ListItemActivity1_2
ADDED from src\main\AndroidManifest.xml:70:9-57
	android:name
		ADDED from src\main\AndroidManifest.xml:70:19-54
activity#com.example.bhakoo.letusc.compiler
ADDED from src\main\AndroidManifest.xml:71:9-55
	android:name
		ADDED from src\main\AndroidManifest.xml:71:19-43
uses-sdk
INJECTED from src\main\AndroidManifest.xml reason: use-sdk injection requested
MERGED from [com.android.support:design:24.2.1] AndroidManifest.xml:20:5-43
MERGED from [com.android.support:appcompat-v7:24.2.1] AndroidManifest.xml:21:5-23:78
MERGED from [com.android.support:support-v4:24.2.1] AndroidManifest.xml:21:5-23:54
MERGED from [com.android.support:support-fragment:24.2.1] AndroidManifest.xml:21:5-23:60
MERGED from [com.android.support:support-media-compat:24.2.1] AndroidManifest.xml:21:5-23:63
MERGED from [com.android.support:support-core-utils:24.2.1] AndroidManifest.xml:21:5-23:61
MERGED from [com.android.support:animated-vector-drawable:24.2.1] AndroidManifest.xml:20:5-44
MERGED from [com.android.support:recyclerview-v7:24.2.1] AndroidManifest.xml:20:5-43
MERGED from [com.android.support:support-core-ui:24.2.1] AndroidManifest.xml:21:5-23:58
MERGED from [com.android.support:support-vector-drawable:24.2.1] AndroidManifest.xml:21:5-43
MERGED from [com.android.support:support-compat:24.2.1] AndroidManifest.xml:21:5-23:58
MERGED from [com.android.support.constraint:constraint-layout:1.0.0-alpha7] AndroidManifest.xml:5:5-7:41
	tools:overrideLibrary
		ADDED from [com.android.support:appcompat-v7:24.2.1] AndroidManifest.xml:23:9-75
	android:targetSdkVersion
		INJECTED from src\main\AndroidManifest.xml
		INJECTED from src\main\AndroidManifest.xml
	android:minSdkVersion
		INJECTED from src\main\AndroidManifest.xml
		INJECTED from src\main\AndroidManifest.xml